running develop
running egg_info
creating Leap_hand.egg-info
writing Leap_hand.egg-info/PKG-INFO
writing dependency_links to Leap_hand.egg-info/dependency_links.txt
writing entry points to Leap_hand.egg-info/entry_points.txt
writing requirements to Leap_hand.egg-info/requires.txt
writing top-level names to Leap_hand.egg-info/top_level.txt
writing manifest file 'Leap_hand.egg-info/SOURCES.txt'
reading manifest file 'Leap_hand.egg-info/SOURCES.txt'
writing manifest file 'Leap_hand.egg-info/SOURCES.txt'
running build_ext
Creating /home/vardan/Leap_hand/ros2_ws/install/Leap_hand/lib/python3.10/site-packages/Leap-hand.egg-link (link to .)

Installed /home/vardan/Leap_hand/ros2_ws/build/Leap_hand
running symlink_data
creating /home/vardan/Leap_hand/ros2_ws/install/Leap_hand/share/ament_index
creating /home/vardan/Leap_hand/ros2_ws/install/Leap_hand/share/ament_index/resource_index
creating /home/vardan/Leap_hand/ros2_ws/install/Leap_hand/share/ament_index/resource_index/packages
symbolically linking /home/vardan/Leap_hand/ros2_ws/build/Leap_hand/resource/Leap_hand -> /home/vardan/Leap_hand/ros2_ws/install/Leap_hand/share/ament_index/resource_index/packages
symbolically linking /home/vardan/Leap_hand/ros2_ws/build/Leap_hand/package.xml -> /home/vardan/Leap_hand/ros2_ws/install/Leap_hand/share/Leap_hand
