[1.272s] Invoking command in '/home/vardan/Leap_hand/ros2_ws/build/Leap_hand': PYTHONPATH=/home/vardan/Leap_hand/ros2_ws/build/Leap_hand/prefix_override:/usr/lib/python3/dist-packages/colcon_core/task/python/colcon_distutils_commands:/home/vardan/Leap_hand/ros2_ws/install/Leap_hand/lib/python3.10/site-packages:${PYTHONPATH} VIRTUAL_ENV_PROMPT=(.venv) /usr/bin/python3 -W ignore:setup.py install is deprecated setup.py develop --editable --build-directory /home/vardan/Leap_hand/ros2_ws/build/Leap_hand/build --no-deps symlink_data
[1.610s] running develop
[1.613s] /usr/lib/python3/dist-packages/setuptools/command/easy_install.py:158: EasyInstallDeprecationWarning: easy_install command is deprecated. Use build and pip and other standards-based tools.
[1.613s]   warnings.warn(
[1.822s] running egg_info
[1.823s] creating Leap_hand.egg-info
[1.823s] writing Leap_hand.egg-info/PKG-INFO
[1.823s] writing dependency_links to Leap_hand.egg-info/dependency_links.txt
[1.824s] writing entry points to Leap_hand.egg-info/entry_points.txt
[1.824s] writing requirements to Leap_hand.egg-info/requires.txt
[1.824s] writing top-level names to Leap_hand.egg-info/top_level.txt
[1.825s] writing manifest file 'Leap_hand.egg-info/SOURCES.txt'
[1.830s] reading manifest file 'Leap_hand.egg-info/SOURCES.txt'
[1.831s] writing manifest file 'Leap_hand.egg-info/SOURCES.txt'
[1.833s] running build_ext
[1.833s] Creating /home/vardan/Leap_hand/ros2_ws/install/Leap_hand/lib/python3.10/site-packages/Leap-hand.egg-link (link to .)
[1.834s] 
[1.835s] Installed /home/vardan/Leap_hand/ros2_ws/build/Leap_hand
[1.835s] running symlink_data
[1.835s] creating /home/vardan/Leap_hand/ros2_ws/install/Leap_hand/share/ament_index
[1.835s] creating /home/vardan/Leap_hand/ros2_ws/install/Leap_hand/share/ament_index/resource_index
[1.836s] creating /home/vardan/Leap_hand/ros2_ws/install/Leap_hand/share/ament_index/resource_index/packages
[1.836s] symbolically linking /home/vardan/Leap_hand/ros2_ws/build/Leap_hand/resource/Leap_hand -> /home/vardan/Leap_hand/ros2_ws/install/Leap_hand/share/ament_index/resource_index/packages
[1.836s] symbolically linking /home/vardan/Leap_hand/ros2_ws/build/Leap_hand/package.xml -> /home/vardan/Leap_hand/ros2_ws/install/Leap_hand/share/Leap_hand
[1.876s] Invoked command in '/home/vardan/Leap_hand/ros2_ws/build/Leap_hand' returned '0': PYTHONPATH=/home/vardan/Leap_hand/ros2_ws/build/Leap_hand/prefix_override:/usr/lib/python3/dist-packages/colcon_core/task/python/colcon_distutils_commands:/home/vardan/Leap_hand/ros2_ws/install/Leap_hand/lib/python3.10/site-packages:${PYTHONPATH} VIRTUAL_ENV_PROMPT=(.venv) /usr/bin/python3 -W ignore:setup.py install is deprecated setup.py develop --editable --build-directory /home/vardan/Leap_hand/ros2_ws/build/Leap_hand/build --no-deps symlink_data
